\BOOKMARK [1][-]{section.1}{Partie Th\351orique}{}% 1
\BOOKMARK [2][-]{subsection.1.1}{Introduction}{section.1}% 2
\BOOKMARK [2][-]{subsection.1.2}{L'environment}{section.1}% 3
\BOOKMARK [2][-]{subsection.1.3}{Les agents}{section.1}% 4
\BOOKMARK [3][-]{subsubsection.1.3.1}{Les cognitons}{subsection.1.3}% 5
\BOOKMARK [3][-]{subsubsection.1.3.2}{Les plans et les actions}{subsection.1.3}% 6
\BOOKMARK [3][-]{subsubsection.1.3.3}{Les attributs}{subsection.1.3}% 7
\BOOKMARK [3][-]{subsubsection.1.3.4}{Les plans par d\351faut}{subsection.1.3}% 8
\BOOKMARK [2][-]{subsection.1.4}{Les r\364les}{section.1}% 9
\BOOKMARK [3][-]{subsubsection.1.4.1}{Le cueilleur}{subsection.1.4}% 10
\BOOKMARK [3][-]{subsubsection.1.4.2}{Les artisans}{subsection.1.4}% 11
\BOOKMARK [3][-]{subsubsection.1.4.3}{Les agriculteurs}{subsection.1.4}% 12
\BOOKMARK [2][-]{subsection.1.5}{Les am\351nagement}{section.1}% 13
\BOOKMARK [2][-]{subsection.1.6}{Les \351tapes de la mod\351lisation}{section.1}% 14
\BOOKMARK [3][-]{subsubsection.1.6.1}{La cr\351ation des groupes et des villages}{subsection.1.6}% 15
\BOOKMARK [3][-]{subsubsection.1.6.2}{La cueillette}{subsection.1.6}% 16
\BOOKMARK [3][-]{subsubsection.1.6.3}{L'apparition de l'agriculture}{subsection.1.6}% 17
\BOOKMARK [3][-]{subsubsection.1.6.4}{L'apparition des artisans}{subsection.1.6}% 18
\BOOKMARK [2][-]{subsection.1.7}{L'\351volution de la population selon les \342ges.}{section.1}% 19
\BOOKMARK [3][-]{subsubsection.1.7.1}{L'\351volution de la population avec la constante "ChancesAvoirDesEnfants" \351gale \340 0.5}{subsection.1.7}% 20
\BOOKMARK [3][-]{subsubsection.1.7.2}{L'\351volution de la population avec la constante "ChancesAvoirDesEnfants" \351gale \340 1.}{subsection.1.7}% 21
\BOOKMARK [3][-]{subsubsection.1.7.3}{L'\351volution de la population avec la constante "ChancesAvoirDesEnfants" \351gale \340 1 et l'h\351ritage des r\364les.}{subsection.1.7}% 22
\BOOKMARK [2][-]{subsection.1.8}{Les constantes de la mod\351lisation}{section.1}% 23
