\BOOKMARK [1][-]{section.1}{Pr\351sentation de la plateforme MetaCiv}{}% 1
\BOOKMARK [2][-]{subsection.1.1}{Principe}{section.1}% 2
\BOOKMARK [2][-]{subsection.1.2}{Concepts}{section.1}% 3
\BOOKMARK [1][-]{section.2}{Mod\351lisations de civilisations}{}% 4
\BOOKMARK [2][-]{subsection.2.1}{Introduction}{section.2}% 5
\BOOKMARK [3][-]{subsubsection.2.1.1}{Les agents}{subsection.2.1}% 6
\BOOKMARK [3][-]{subsubsection.2.1.2}{Notion de cognitons}{subsection.2.1}% 7
\BOOKMARK [3][-]{subsubsection.2.1.3}{Cat\351gorisation des cognitons}{subsection.2.1}% 8
\BOOKMARK [3][-]{subsubsection.2.1.4}{Les plans et les actions}{subsection.2.1}% 9
\BOOKMARK [3][-]{subsubsection.2.1.5}{Les constantes}{subsection.2.1}% 10
\BOOKMARK [3][-]{subsubsection.2.1.6}{Les attributs}{subsection.2.1}% 11
\BOOKMARK [3][-]{subsubsection.2.1.7}{Les groupes et les r\364les}{subsection.2.1}% 12
\BOOKMARK [2][-]{subsection.2.2}{Le mod\350le "Cueilleur-Artisan-Agriculteur"}{section.2}% 13
\BOOKMARK [3][-]{subsubsection.2.2.1}{L'environnement du mod\350le}{subsection.2.2}% 14
\BOOKMARK [3][-]{subsubsection.2.2.2}{Les attributs du mod\350le}{subsection.2.2}% 15
\BOOKMARK [3][-]{subsubsection.2.2.3}{Les plans par d\351faut}{subsection.2.2}% 16
\BOOKMARK [3][-]{subsubsection.2.2.4}{Le cueilleur}{subsection.2.2}% 17
\BOOKMARK [3][-]{subsubsection.2.2.5}{Les artisans}{subsection.2.2}% 18
\BOOKMARK [3][-]{subsubsection.2.2.6}{Les agriculteurs}{subsection.2.2}% 19
\BOOKMARK [2][-]{subsection.2.3}{Les am\351nagement}{section.2}% 20
\BOOKMARK [2][-]{subsection.2.4}{Les \351tapes de la mod\351lisation}{section.2}% 21
\BOOKMARK [3][-]{subsubsection.2.4.1}{La cr\351ation des groupes et des villages}{subsection.2.4}% 22
\BOOKMARK [3][-]{subsubsection.2.4.2}{La cueillette}{subsection.2.4}% 23
\BOOKMARK [3][-]{subsubsection.2.4.3}{L'apparition de l'agriculture}{subsection.2.4}% 24
\BOOKMARK [3][-]{subsubsection.2.4.4}{L'apparition des artisans}{subsection.2.4}% 25
\BOOKMARK [2][-]{subsection.2.5}{L'\351volution de la population selon les \342ges.}{section.2}% 26
\BOOKMARK [3][-]{subsubsection.2.5.1}{L'\351volution de la population avec la constante "ChancesAvoirDesEnfants" \351gale \340 0.5}{subsection.2.5}% 27
\BOOKMARK [3][-]{subsubsection.2.5.2}{L'\351volution de la population avec la constante "ChancesAvoirDesEnfants" \351gale \340 1.}{subsection.2.5}% 28
\BOOKMARK [3][-]{subsubsection.2.5.3}{L'\351volution de la population avec la constante "ChancesAvoirDesEnfants" \351gale \340 1 et l'h\351ritage des r\364les.}{subsection.2.5}% 29
\BOOKMARK [3][-]{subsubsection.2.5.4}{Les constantes de la mod\351lisation}{subsection.2.5}% 30
\BOOKMARK [3][-]{subsubsection.2.5.5}{Conclusion}{subsection.2.5}% 31
\BOOKMARK [2][-]{subsection.2.6}{Le mod\350le "Nomade-S\351dentaire"}{section.2}% 32
\BOOKMARK [3][-]{subsubsection.2.6.1}{Introduction}{subsection.2.6}% 33
\BOOKMARK [3][-]{subsubsection.2.6.2}{L'environnement}{subsection.2.6}% 34
\BOOKMARK [3][-]{subsubsection.2.6.3}{Les attributs}{subsection.2.6}% 35
\BOOKMARK [3][-]{subsubsection.2.6.4}{Les actions par d\351faut}{subsection.2.6}% 36
\BOOKMARK [3][-]{subsubsection.2.6.5}{Les groupes - Les Nomades}{subsection.2.6}% 37
\BOOKMARK [3][-]{subsubsection.2.6.6}{Les am\351nagement}{subsection.2.6}% 38
\BOOKMARK [3][-]{subsubsection.2.6.7}{Les \351tapes de la mod\351lisation}{subsection.2.6}% 39
\BOOKMARK [3][-]{subsubsection.2.6.8}{Les constantes de la mod\351lisation}{subsection.2.6}% 40
\BOOKMARK [2][-]{subsection.2.7}{Observations}{section.2}% 41
\BOOKMARK [1][-]{section.3}{Le simulateur}{}% 42
\BOOKMARK [2][-]{subsection.3.1}{Introduction}{section.3}% 43
\BOOKMARK [2][-]{subsection.3.2}{Fonctionnalit\351s}{section.3}% 44
\BOOKMARK [3][-]{subsubsection.3.2.1}{Sch\351ma cognitif}{subsection.3.2}% 45
\BOOKMARK [3][-]{subsubsection.3.2.2}{Constantes}{subsection.3.2}% 46
\BOOKMARK [3][-]{subsubsection.3.2.3}{Sauvegarde incr\351mentale}{subsection.3.2}% 47
\BOOKMARK [3][-]{subsubsection.3.2.4}{Defines}{subsection.3.2}% 48
\BOOKMARK [3][-]{subsubsection.3.2.5}{Autres}{subsection.3.2}% 49
\BOOKMARK [2][-]{subsection.3.3}{Fonctionnalit\351s envisag\351s}{section.3}% 50
\BOOKMARK [2][-]{subsection.3.4}{Stabilisation du noyau}{section.3}% 51
\BOOKMARK [2][-]{subsection.3.5}{Conclusion}{section.3}% 52
\BOOKMARK [1][-]{section.4}{Gestion de projet}{}% 53
\BOOKMARK [1][-]{section.5}{Conclusion et perspectives}{}% 54
